e:\git\graphic-fix\graphicrestore\release\graphicrestore.pch
e:\git\graphic-fix\graphicrestore\release\vc141.pdb
e:\git\graphic-fix\graphicrestore\release\stdafx.obj
e:\git\graphic-fix\graphicrestore\release\setting.obj
e:\git\graphic-fix\graphicrestore\release\memory.obj
e:\git\graphic-fix\graphicrestore\release\ini.obj
e:\git\graphic-fix\graphicrestore\release\main.obj
e:\git\graphic-fix\graphicrestore\release\graphicrestore.obj
e:\git\graphic-fix\graphicrestore\release\debug.obj
e:\git\graphic-fix\graphicrestore\release\hooksystem.obj
e:\git\graphic-fix\graphicrestore\release\framelimiter.obj
e:\git\graphic-fix\graphicrestore\release\crashfix.obj
e:\git\graphic-fix\release\graphicrestore.ipdb
e:\git\graphic-fix\release\graphicrestore.iobj
e:\git\graphic-fix\release\graphicrestore.asi
e:\git\graphic-fix\release\graphicrestore.pdb
e:\git\graphic-fix\graphicrestore\release\graphicrestore.tlog\cl.command.1.tlog
e:\git\graphic-fix\graphicrestore\release\graphicrestore.tlog\cl.read.1.tlog
e:\git\graphic-fix\graphicrestore\release\graphicrestore.tlog\cl.write.1.tlog
e:\git\graphic-fix\graphicrestore\release\graphicrestore.tlog\graphicrestore.write.1u.tlog
e:\git\graphic-fix\graphicrestore\release\graphicrestore.tlog\link.command.1.tlog
e:\git\graphic-fix\graphicrestore\release\graphicrestore.tlog\link.read.1.tlog
e:\git\graphic-fix\graphicrestore\release\graphicrestore.tlog\link.write.1.tlog
